<?xml version="1.0" encoding="UTF-8"?>
<coverage generated="1581435141859" clover="3.2.0">
  <project timestamp="1581435141859" name="All files">
    <metrics statements="150" coveredstatements="144" conditionals="36" coveredconditionals="33" methods="63" coveredmethods="57" elements="249" coveredelements="234" complexity="0" loc="150" ncloc="150" packages="1" files="3" classes="3"/>
    <file name="app.js" path="/home/paolasonia/Desktop/5_LABORATORIA/En_mi_disco_local_C/00-Laboratoria/04-LIM011-fe-md-links/LIM011-fe-md-links/src/app.js">
      <metrics statements="33" coveredstatements="32" conditionals="10" coveredconditionals="7" methods="17" coveredmethods="16"/>
      <line num="1" count="3" type="stmt"/>
      <line num="2" count="3" type="stmt"/>
      <line num="3" count="3" type="stmt"/>
      <line num="4" count="3" type="stmt"/>
      <line num="13" count="21" type="stmt"/>
      <line num="16" count="3" type="stmt"/>
      <line num="19" count="5" type="stmt"/>
      <line num="22" count="16" type="stmt"/>
      <line num="27" count="13" type="stmt"/>
      <line num="28" count="13" type="stmt"/>
      <line num="29" count="13" type="cond" truecount="1" falsecount="1"/>
      <line num="30" count="13" type="stmt"/>
      <line num="38" count="3" type="stmt"/>
      <line num="39" count="2" type="stmt"/>
      <line num="40" count="2" type="cond" truecount="1" falsecount="1"/>
      <line num="41" count="2" type="stmt"/>
      <line num="46" count="10" type="stmt"/>
      <line num="47" count="10" type="stmt"/>
      <line num="48" count="10" type="cond" truecount="1" falsecount="1"/>
      <line num="49" count="10" type="stmt"/>
      <line num="56" count="3" type="stmt"/>
      <line num="57" count="10" type="stmt"/>
      <line num="58" count="10" type="stmt"/>
      <line num="59" count="10" type="stmt"/>
      <line num="64" count="8" type="stmt"/>
      <line num="66" count="8" type="stmt"/>
      <line num="67" count="8" type="cond" truecount="2" falsecount="0"/>
      <line num="68" count="7" type="stmt"/>
      <line num="70" count="8" type="cond" truecount="2" falsecount="0"/>
      <line num="71" count="1" type="stmt"/>
      <line num="73" count="8" type="stmt"/>
      <line num="77" count="8" type="stmt"/>
      <line num="79" count="0" type="stmt"/>
    </file>
    <file name="cli.js" path="/home/paolasonia/Desktop/5_LABORATORIA/En_mi_disco_local_C/00-Laboratoria/04-LIM011-fe-md-links/LIM011-fe-md-links/src/cli.js">
      <metrics statements="24" coveredstatements="23" conditionals="8" coveredconditionals="8" methods="8" coveredmethods="7"/>
      <line num="3" count="1" type="stmt"/>
      <line num="4" count="4" type="cond" truecount="2" falsecount="0"/>
      <line num="5" count="1" type="stmt"/>
      <line num="6" count="1" type="stmt"/>
      <line num="7" count="1" type="stmt"/>
      <line num="8" count="1" type="stmt"/>
      <line num="10" count="1" type="stmt"/>
      <line num="13" count="3" type="cond" truecount="2" falsecount="0"/>
      <line num="14" count="1" type="stmt"/>
      <line num="15" count="1" type="stmt"/>
      <line num="16" count="1" type="stmt"/>
      <line num="20" count="1" type="stmt"/>
      <line num="23" count="2" type="cond" truecount="4" falsecount="0"/>
      <line num="24" count="1" type="stmt"/>
      <line num="25" count="1" type="stmt"/>
      <line num="26" count="1" type="stmt"/>
      <line num="27" count="1" type="stmt"/>
      <line num="32" count="1" type="stmt"/>
      <line num="33" count="0" type="stmt"/>
      <line num="38" count="1" type="stmt"/>
      <line num="39" count="1" type="stmt"/>
      <line num="40" count="1" type="stmt"/>
      <line num="41" count="1" type="stmt"/>
      <line num="43" count="1" type="stmt"/>
    </file>
    <file name="main.js" path="/home/paolasonia/Desktop/5_LABORATORIA/En_mi_disco_local_C/00-Laboratoria/04-LIM011-fe-md-links/LIM011-fe-md-links/src/main.js">
      <metrics statements="93" coveredstatements="89" conditionals="18" coveredconditionals="18" methods="38" coveredmethods="34"/>
      <line num="7" count="12" type="stmt"/>
      <line num="9" count="12" type="stmt"/>
      <line num="10" count="12" type="cond" truecount="2" falsecount="0"/>
      <line num="11" count="1" type="stmt"/>
      <line num="13" count="1" type="stmt"/>
      <line num="14" count="1" type="stmt"/>
      <line num="15" count="4" type="stmt"/>
      <line num="16" count="4" type="cond" truecount="2" falsecount="0"/>
      <line num="17" count="1" type="stmt"/>
      <line num="19" count="3" type="stmt"/>
      <line num="22" count="1" type="stmt"/>
      <line num="23" count="1" type="stmt"/>
      <line num="24" count="3" type="stmt"/>
      <line num="26" count="1" type="stmt"/>
      <line num="30" count="11" type="cond" truecount="4" falsecount="0"/>
      <line num="31" count="8" type="stmt"/>
      <line num="33" count="11" type="stmt"/>
      <line num="34" count="0" type="stmt"/>
      <line num="37" count="9" type="stmt"/>
      <line num="39" count="9" type="stmt"/>
      <line num="40" count="9" type="stmt"/>
      <line num="41" count="0" type="stmt"/>
      <line num="44" count="2" type="stmt"/>
      <line num="45" count="10" type="stmt"/>
      <line num="46" count="10" type="stmt"/>
      <line num="47" count="10" type="stmt"/>
      <line num="48" count="20" type="stmt"/>
      <line num="49" count="20" type="cond" truecount="2" falsecount="0"/>
      <line num="51" count="10" type="stmt"/>
      <line num="52" count="10" type="stmt"/>
      <line num="53" count="10" type="stmt"/>
      <line num="54" count="10" type="stmt"/>
      <line num="55" count="10" type="stmt"/>
      <line num="56" count="10" type="stmt"/>
      <line num="57" count="10" type="stmt"/>
      <line num="58" count="10" type="stmt"/>
      <line num="59" count="10" type="stmt"/>
      <line num="64" count="10" type="stmt"/>
      <line num="66" count="10" type="stmt"/>
      <line num="70" count="2" type="stmt"/>
      <line num="71" count="10" type="stmt"/>
      <line num="72" count="10" type="cond" truecount="2" falsecount="0"/>
      <line num="73" count="10" type="cond" truecount="2" falsecount="0"/>
      <line num="74" count="10" type="stmt"/>
      <line num="78" count="2" type="stmt"/>
      <line num="79" count="3" type="stmt"/>
      <line num="80" count="3" type="stmt"/>
      <line num="82" count="3" type="stmt"/>
      <line num="83" count="3" type="stmt"/>
      <line num="84" count="3" type="stmt"/>
      <line num="85" count="3" type="stmt"/>
      <line num="86" count="3" type="stmt"/>
      <line num="87" count="3" type="stmt"/>
      <line num="89" count="3" type="stmt"/>
      <line num="91" count="0" type="stmt"/>
      <line num="95" count="2" type="stmt"/>
      <line num="96" count="6" type="stmt"/>
      <line num="97" count="6" type="stmt"/>
      <line num="98" count="6" type="stmt"/>
      <line num="100" count="6" type="stmt"/>
      <line num="104" count="6" type="stmt"/>
      <line num="105" count="6" type="stmt"/>
      <line num="107" count="6" type="stmt"/>
      <line num="108" count="6" type="stmt"/>
      <line num="109" count="6" type="stmt"/>
      <line num="111" count="6" type="stmt"/>
      <line num="116" count="2" type="stmt"/>
      <line num="117" count="5" type="stmt"/>
      <line num="118" count="5" type="stmt"/>
      <line num="120" count="5" type="stmt"/>
      <line num="121" count="5" type="stmt"/>
      <line num="122" count="5" type="stmt"/>
      <line num="123" count="5" type="stmt"/>
      <line num="124" count="5" type="stmt"/>
      <line num="125" count="5" type="stmt"/>
      <line num="127" count="5" type="stmt"/>
      <line num="129" count="0" type="stmt"/>
      <line num="134" count="6" type="cond" truecount="2" falsecount="0"/>
      <line num="137" count="2" type="stmt"/>
      <line num="138" count="3" type="stmt"/>
      <line num="139" count="3" type="stmt"/>
      <line num="140" count="3" type="stmt"/>
      <line num="142" count="3" type="stmt"/>
      <line num="143" count="3" type="stmt"/>
      <line num="144" count="3" type="stmt"/>
      <line num="145" count="3" type="stmt"/>
      <line num="149" count="3" type="stmt"/>
      <line num="153" count="2" type="stmt"/>
      <line num="154" count="2" type="stmt"/>
      <line num="155" count="2" type="stmt"/>
      <line num="156" count="2" type="cond" truecount="2" falsecount="0"/>
      <line num="157" count="1" type="stmt"/>
      <line num="160" count="2" type="stmt"/>
    </file>
  </project>
</coverage>
