{"/home/paolasonia/Desktop/5_LABORATORIA/En_mi_disco_local_C/00-Laboratoria/04-LIM011-fe-md-links/LIM011-fe-md-links/src/app.js": {"path":"/home/paolasonia/Desktop/5_LABORATORIA/En_mi_disco_local_C/00-Laboratoria/04-LIM011-fe-md-links/LIM011-fe-md-links/src/app.js","statementMap":{"0":{"start":{"line":1,"column":13},"end":{"line":1,"column":28}},"1":{"start":{"line":2,"column":11},"end":{"line":2,"column":24}},"2":{"start":{"line":3,"column":14},"end":{"line":3,"column":35}},"3":{"start":{"line":4,"column":11},"end":{"line":8,"column":2}},"4":{"start":{"line":13,"column":27},"end":{"line":13,"column":58}},"5":{"start":{"line":13,"column":37},"end":{"line":13,"column":58}},"6":{"start":{"line":16,"column":26},"end":{"line":16,"column":66}},"7":{"start":{"line":16,"column":36},"end":{"line":16,"column":66}},"8":{"start":{"line":19,"column":18},"end":{"line":19,"column":69}},"9":{"start":{"line":19,"column":41},"end":{"line":19,"column":69}},"10":{"start":{"line":22,"column":24},"end":{"line":22,"column":52}},"11":{"start":{"line":22,"column":34},"end":{"line":22,"column":52}},"12":{"start":{"line":27,"column":24},"end":{"line":32,"column":2}},"13":{"start":{"line":27,"column":34},"end":{"line":32,"column":2}},"14":{"start":{"line":28,"column":2},"end":{"line":31,"column":5}},"15":{"start":{"line":29,"column":4},"end":{"line":29,"column":29}},"16":{"start":{"line":29,"column":15},"end":{"line":29,"column":29}},"17":{"start":{"line":30,"column":4},"end":{"line":30,"column":33}},"18":{"start":{"line":35,"column":22},"end":{"line":40,"column":2}},"19":{"start":{"line":35,"column":32},"end":{"line":40,"column":2}},"20":{"start":{"line":36,"column":2},"end":{"line":39,"column":5}},"21":{"start":{"line":37,"column":4},"end":{"line":37,"column":29}},"22":{"start":{"line":37,"column":15},"end":{"line":37,"column":29}},"23":{"start":{"line":38,"column":4},"end":{"line":38,"column":26}},"24":{"start":{"line":43,"column":21},"end":{"line":48,"column":2}},"25":{"start":{"line":43,"column":31},"end":{"line":48,"column":2}},"26":{"start":{"line":44,"column":2},"end":{"line":47,"column":5}},"27":{"start":{"line":45,"column":4},"end":{"line":45,"column":29}},"28":{"start":{"line":45,"column":15},"end":{"line":45,"column":29}},"29":{"start":{"line":46,"column":4},"end":{"line":46,"column":25}},"30":{"start":{"line":53,"column":22},"end":{"line":57,"column":1}},"31":{"start":{"line":54,"column":21},"end":{"line":54,"column":23}},"32":{"start":{"line":55,"column":2},"end":{"line":55,"column":40}},"33":{"start":{"line":56,"column":2},"end":{"line":56,"column":22}},"34":{"start":{"line":61,"column":19},"end":{"line":72,"column":22}},"35":{"start":{"line":61,"column":28},"end":{"line":72,"column":22}},"36":{"start":{"line":63,"column":18},"end":{"line":63,"column":20}},"37":{"start":{"line":64,"column":4},"end":{"line":64,"column":31}},"38":{"start":{"line":64,"column":16},"end":{"line":64,"column":31}},"39":{"start":{"line":65,"column":4},"end":{"line":65,"column":43}},"40":{"start":{"line":65,"column":26},"end":{"line":65,"column":43}},"41":{"start":{"line":66,"column":16},"end":{"line":69,"column":5}},"42":{"start":{"line":70,"column":4},"end":{"line":70,"column":15}},"43":{"start":{"line":72,"column":18},"end":{"line":72,"column":21}},"44":{"start":{"line":75,"column":20},"end":{"line":85,"column":1}},"45":{"start":{"line":86,"column":0},"end":{"line":86,"column":29}}},"fnMap":{"0":{"name":"(anonymous_0)","decl":{"start":{"line":13,"column":27},"end":{"line":13,"column":28}},"loc":{"start":{"line":13,"column":37},"end":{"line":13,"column":58}},"line":13},"1":{"name":"(anonymous_1)","decl":{"start":{"line":16,"column":26},"end":{"line":16,"column":27}},"loc":{"start":{"line":16,"column":36},"end":{"line":16,"column":66}},"line":16},"2":{"name":"(anonymous_2)","decl":{"start":{"line":19,"column":18},"end":{"line":19,"column":19}},"loc":{"start":{"line":19,"column":41},"end":{"line":19,"column":69}},"line":19},"3":{"name":"(anonymous_3)","decl":{"start":{"line":22,"column":24},"end":{"line":22,"column":25}},"loc":{"start":{"line":22,"column":34},"end":{"line":22,"column":52}},"line":22},"4":{"name":"(anonymous_4)","decl":{"start":{"line":27,"column":24},"end":{"line":27,"column":25}},"loc":{"start":{"line":27,"column":34},"end":{"line":32,"column":2}},"line":27},"5":{"name":"(anonymous_5)","decl":{"start":{"line":27,"column":46},"end":{"line":27,"column":47}},"loc":{"start":{"line":27,"column":67},"end":{"line":32,"column":1}},"line":27},"6":{"name":"(anonymous_6)","decl":{"start":{"line":28,"column":16},"end":{"line":28,"column":17}},"loc":{"start":{"line":28,"column":34},"end":{"line":31,"column":3}},"line":28},"7":{"name":"(anonymous_7)","decl":{"start":{"line":35,"column":22},"end":{"line":35,"column":23}},"loc":{"start":{"line":35,"column":32},"end":{"line":40,"column":2}},"line":35},"8":{"name":"(anonymous_8)","decl":{"start":{"line":35,"column":44},"end":{"line":35,"column":45}},"loc":{"start":{"line":35,"column":65},"end":{"line":40,"column":1}},"line":35},"9":{"name":"(anonymous_9)","decl":{"start":{"line":36,"column":19},"end":{"line":36,"column":20}},"loc":{"start":{"line":36,"column":37},"end":{"line":39,"column":3}},"line":36},"10":{"name":"(anonymous_10)","decl":{"start":{"line":43,"column":21},"end":{"line":43,"column":22}},"loc":{"start":{"line":43,"column":31},"end":{"line":48,"column":2}},"line":43},"11":{"name":"(anonymous_11)","decl":{"start":{"line":43,"column":43},"end":{"line":43,"column":44}},"loc":{"start":{"line":43,"column":64},"end":{"line":48,"column":1}},"line":43},"12":{"name":"(anonymous_12)","decl":{"start":{"line":44,"column":29},"end":{"line":44,"column":30}},"loc":{"start":{"line":44,"column":46},"end":{"line":47,"column":3}},"line":44},"13":{"name":"(anonymous_13)","decl":{"start":{"line":53,"column":22},"end":{"line":53,"column":23}},"loc":{"start":{"line":53,"column":39},"end":{"line":57,"column":1}},"line":53},"14":{"name":"(anonymous_14)","decl":{"start":{"line":61,"column":19},"end":{"line":61,"column":20}},"loc":{"start":{"line":61,"column":28},"end":{"line":72,"column":22}},"line":61},"15":{"name":"(anonymous_15)","decl":{"start":{"line":62,"column":8},"end":{"line":62,"column":9}},"loc":{"start":{"line":62,"column":17},"end":{"line":71,"column":3}},"line":62},"16":{"name":"(anonymous_16)","decl":{"start":{"line":72,"column":9},"end":{"line":72,"column":10}},"loc":{"start":{"line":72,"column":18},"end":{"line":72,"column":21}},"line":72}},"branchMap":{"0":{"loc":{"start":{"line":29,"column":4},"end":{"line":29,"column":29}},"type":"if","locations":[{"start":{"line":29,"column":4},"end":{"line":29,"column":29}},{"start":{"line":29,"column":4},"end":{"line":29,"column":29}}],"line":29},"1":{"loc":{"start":{"line":37,"column":4},"end":{"line":37,"column":29}},"type":"if","locations":[{"start":{"line":37,"column":4},"end":{"line":37,"column":29}},{"start":{"line":37,"column":4},"end":{"line":37,"column":29}}],"line":37},"2":{"loc":{"start":{"line":45,"column":4},"end":{"line":45,"column":29}},"type":"if","locations":[{"start":{"line":45,"column":4},"end":{"line":45,"column":29}},{"start":{"line":45,"column":4},"end":{"line":45,"column":29}}],"line":45},"3":{"loc":{"start":{"line":64,"column":4},"end":{"line":64,"column":31}},"type":"if","locations":[{"start":{"line":64,"column":4},"end":{"line":64,"column":31}},{"start":{"line":64,"column":4},"end":{"line":64,"column":31}}],"line":64},"4":{"loc":{"start":{"line":65,"column":4},"end":{"line":65,"column":43}},"type":"if","locations":[{"start":{"line":65,"column":4},"end":{"line":65,"column":43}},{"start":{"line":65,"column":4},"end":{"line":65,"column":43}}],"line":65}},"s":{"0":4,"1":4,"2":4,"3":4,"4":4,"5":1,"6":4,"7":1,"8":4,"9":1,"10":4,"11":3,"12":4,"13":5,"14":5,"15":5,"16":0,"17":5,"18":4,"19":1,"20":1,"21":1,"22":0,"23":1,"24":4,"25":3,"26":3,"27":3,"28":0,"29":3,"30":4,"31":3,"32":3,"33":3,"34":4,"35":3,"36":3,"37":3,"38":2,"39":3,"40":1,"41":3,"42":3,"43":0,"44":4,"45":4},"f":{"0":1,"1":1,"2":1,"3":3,"4":5,"5":5,"6":5,"7":1,"8":1,"9":1,"10":3,"11":3,"12":3,"13":3,"14":3,"15":3,"16":0},"b":{"0":[0,5],"1":[0,1],"2":[0,3],"3":[2,1],"4":[1,2]},"_coverageSchema":"1a1c01bbd47fc00a2c39e90264f33305004495a9","hash":"0070f8eb74e301266a9c375a7f25343e3b3ee272"}
,"/home/paolasonia/Desktop/5_LABORATORIA/En_mi_disco_local_C/00-Laboratoria/04-LIM011-fe-md-links/LIM011-fe-md-links/src/main.js": {"path":"/home/paolasonia/Desktop/5_LABORATORIA/En_mi_disco_local_C/00-Laboratoria/04-LIM011-fe-md-links/LIM011-fe-md-links/src/main.js","statementMap":{"0":{"start":{"line":1,"column":20},"end":{"line":1,"column":39}},"1":{"start":{"line":5,"column":19},"end":{"line":7,"column":1}},"2":{"start":{"line":6,"column":3},"end":{"line":6,"column":81}},"3":{"start":{"line":11,"column":18},"end":{"line":38,"column":24}},"4":{"start":{"line":11,"column":36},"end":{"line":38,"column":24}},"5":{"start":{"line":13,"column":19},"end":{"line":13,"column":21}},"6":{"start":{"line":14,"column":4},"end":{"line":33,"column":5}},"7":{"start":{"line":15,"column":6},"end":{"line":32,"column":11}},"8":{"start":{"line":17,"column":31},"end":{"line":17,"column":33}},"9":{"start":{"line":18,"column":10},"end":{"line":25,"column":13}},"10":{"start":{"line":19,"column":28},"end":{"line":19,"column":69}},"11":{"start":{"line":20,"column":12},"end":{"line":24,"column":13}},"12":{"start":{"line":21,"column":14},"end":{"line":21,"column":37}},"13":{"start":{"line":23,"column":14},"end":{"line":23,"column":52}},"14":{"start":{"line":26,"column":10},"end":{"line":31,"column":13}},"15":{"start":{"line":27,"column":12},"end":{"line":29,"column":15}},"16":{"start":{"line":28,"column":14},"end":{"line":28,"column":51}},"17":{"start":{"line":30,"column":12},"end":{"line":30,"column":28}},"18":{"start":{"line":34,"column":4},"end":{"line":36,"column":5}},"19":{"start":{"line":35,"column":6},"end":{"line":35,"column":34}},"20":{"start":{"line":37,"column":4},"end":{"line":37,"column":20}},"21":{"start":{"line":38,"column":20},"end":{"line":38,"column":23}},"22":{"start":{"line":41,"column":19},"end":{"line":45,"column":24}},"23":{"start":{"line":41,"column":35},"end":{"line":45,"column":24}},"24":{"start":{"line":43,"column":25},"end":{"line":43,"column":58}},"25":{"start":{"line":44,"column":4},"end":{"line":44,"column":24}},"26":{"start":{"line":45,"column":20},"end":{"line":45,"column":23}},"27":{"start":{"line":50,"column":16},"end":{"line":73,"column":1}},"28":{"start":{"line":51,"column":25},"end":{"line":51,"column":50}},"29":{"start":{"line":52,"column":20},"end":{"line":52,"column":22}},"30":{"start":{"line":53,"column":2},"end":{"line":56,"column":5}},"31":{"start":{"line":54,"column":28},"end":{"line":54,"column":45}},"32":{"start":{"line":55,"column":4},"end":{"line":55,"column":83}},"33":{"start":{"line":55,"column":38},"end":{"line":55,"column":83}},"34":{"start":{"line":57,"column":17},"end":{"line":57,"column":19}},"35":{"start":{"line":58,"column":2},"end":{"line":71,"column":5}},"36":{"start":{"line":59,"column":19},"end":{"line":59,"column":25}},"37":{"start":{"line":60,"column":22},"end":{"line":60,"column":48}},"38":{"start":{"line":61,"column":20},"end":{"line":61,"column":46}},"39":{"start":{"line":62,"column":21},"end":{"line":62,"column":57}},"40":{"start":{"line":63,"column":22},"end":{"line":63,"column":48}},"41":{"start":{"line":64,"column":21},"end":{"line":64,"column":48}},"42":{"start":{"line":65,"column":19},"end":{"line":69,"column":5}},"43":{"start":{"line":70,"column":4},"end":{"line":70,"column":24}},"44":{"start":{"line":72,"column":2},"end":{"line":72,"column":16}},"45":{"start":{"line":80,"column":24},"end":{"line":98,"column":1}},"46":{"start":{"line":81,"column":17},"end":{"line":81,"column":47}},"47":{"start":{"line":82,"column":17},"end":{"line":82,"column":19}},"48":{"start":{"line":83,"column":25},"end":{"line":91,"column":7}},"49":{"start":{"line":83,"column":49},"end":{"line":91,"column":6}},"50":{"start":{"line":85,"column":18},"end":{"line":88,"column":7}},"51":{"start":{"line":89,"column":21},"end":{"line":89,"column":48}},"52":{"start":{"line":90,"column":6},"end":{"line":90,"column":20}},"53":{"start":{"line":92,"column":2},"end":{"line":97,"column":5}},"54":{"start":{"line":93,"column":4},"end":{"line":95,"column":7}},"55":{"start":{"line":94,"column":6},"end":{"line":94,"column":43}},"56":{"start":{"line":96,"column":4},"end":{"line":96,"column":20}},"57":{"start":{"line":101,"column":14},"end":{"line":114,"column":1}},"58":{"start":{"line":102,"column":19},"end":{"line":102,"column":21}},"59":{"start":{"line":103,"column":2},"end":{"line":105,"column":5}},"60":{"start":{"line":104,"column":4},"end":{"line":104,"column":32}},"61":{"start":{"line":106,"column":16},"end":{"line":106,"column":33}},"62":{"start":{"line":107,"column":20},"end":{"line":107,"column":37}},"63":{"start":{"line":108,"column":19},"end":{"line":108,"column":31}},"64":{"start":{"line":109,"column":19},"end":{"line":112,"column":3}},"65":{"start":{"line":113,"column":2},"end":{"line":113,"column":18}},"66":{"start":{"line":117,"column":17},"end":{"line":125,"column":1}},"67":{"start":{"line":118,"column":19},"end":{"line":118,"column":21}},"68":{"start":{"line":119,"column":2},"end":{"line":123,"column":5}},"69":{"start":{"line":120,"column":4},"end":{"line":122,"column":5}},"70":{"start":{"line":121,"column":6},"end":{"line":121,"column":37}},"71":{"start":{"line":124,"column":2},"end":{"line":124,"column":25}},"72":{"start":{"line":139,"column":18},"end":{"line":153,"column":1}},"73":{"start":{"line":140,"column":23},"end":{"line":140,"column":39}},"74":{"start":{"line":141,"column":2},"end":{"line":152,"column":27}},"75":{"start":{"line":143,"column":21},"end":{"line":143,"column":23}},"76":{"start":{"line":144,"column":21},"end":{"line":145,"column":59}},"77":{"start":{"line":144,"column":42},"end":{"line":145,"column":58}},"78":{"start":{"line":145,"column":27},"end":{"line":145,"column":57}},"79":{"start":{"line":146,"column":6},"end":{"line":151,"column":9}},"80":{"start":{"line":147,"column":8},"end":{"line":149,"column":11}},"81":{"start":{"line":148,"column":10},"end":{"line":148,"column":43}},"82":{"start":{"line":150,"column":8},"end":{"line":150,"column":24}},"83":{"start":{"line":152,"column":22},"end":{"line":152,"column":25}},"84":{"start":{"line":164,"column":26},"end":{"line":178,"column":1}},"85":{"start":{"line":165,"column":23},"end":{"line":165,"column":39}},"86":{"start":{"line":166,"column":2},"end":{"line":177,"column":27}},"87":{"start":{"line":168,"column":21},"end":{"line":168,"column":23}},"88":{"start":{"line":169,"column":21},"end":{"line":170,"column":67}},"89":{"start":{"line":169,"column":42},"end":{"line":170,"column":66}},"90":{"start":{"line":170,"column":27},"end":{"line":170,"column":65}},"91":{"start":{"line":171,"column":6},"end":{"line":176,"column":9}},"92":{"start":{"line":172,"column":8},"end":{"line":174,"column":11}},"93":{"start":{"line":173,"column":10},"end":{"line":173,"column":47}},"94":{"start":{"line":175,"column":8},"end":{"line":175,"column":24}},"95":{"start":{"line":177,"column":22},"end":{"line":177,"column":25}},"96":{"start":{"line":180,"column":21},"end":{"line":185,"column":1}},"97":{"start":{"line":187,"column":0},"end":{"line":187,"column":30}}},"fnMap":{"0":{"name":"(anonymous_0)","decl":{"start":{"line":5,"column":19},"end":{"line":5,"column":20}},"loc":{"start":{"line":6,"column":3},"end":{"line":6,"column":81}},"line":6},"1":{"name":"(anonymous_1)","decl":{"start":{"line":11,"column":18},"end":{"line":11,"column":19}},"loc":{"start":{"line":11,"column":36},"end":{"line":38,"column":24}},"line":11},"2":{"name":"(anonymous_2)","decl":{"start":{"line":12,"column":8},"end":{"line":12,"column":9}},"loc":{"start":{"line":12,"column":23},"end":{"line":38,"column":3}},"line":12},"3":{"name":"(anonymous_3)","decl":{"start":{"line":16,"column":14},"end":{"line":16,"column":15}},"loc":{"start":{"line":16,"column":25},"end":{"line":32,"column":9}},"line":16},"4":{"name":"(anonymous_4)","decl":{"start":{"line":18,"column":24},"end":{"line":18,"column":25}},"loc":{"start":{"line":18,"column":34},"end":{"line":25,"column":11}},"line":18},"5":{"name":"(anonymous_5)","decl":{"start":{"line":26,"column":48},"end":{"line":26,"column":49}},"loc":{"start":{"line":26,"column":69},"end":{"line":31,"column":11}},"line":26},"6":{"name":"(anonymous_6)","decl":{"start":{"line":27,"column":36},"end":{"line":27,"column":37}},"loc":{"start":{"line":27,"column":50},"end":{"line":29,"column":13}},"line":27},"7":{"name":"(anonymous_7)","decl":{"start":{"line":38,"column":11},"end":{"line":38,"column":12}},"loc":{"start":{"line":38,"column":20},"end":{"line":38,"column":23}},"line":38},"8":{"name":"(anonymous_8)","decl":{"start":{"line":41,"column":19},"end":{"line":41,"column":20}},"loc":{"start":{"line":41,"column":35},"end":{"line":45,"column":24}},"line":41},"9":{"name":"(anonymous_9)","decl":{"start":{"line":42,"column":8},"end":{"line":42,"column":9}},"loc":{"start":{"line":42,"column":20},"end":{"line":45,"column":3}},"line":42},"10":{"name":"(anonymous_10)","decl":{"start":{"line":45,"column":11},"end":{"line":45,"column":12}},"loc":{"start":{"line":45,"column":20},"end":{"line":45,"column":23}},"line":45},"11":{"name":"(anonymous_11)","decl":{"start":{"line":50,"column":16},"end":{"line":50,"column":17}},"loc":{"start":{"line":50,"column":48},"end":{"line":73,"column":1}},"line":50},"12":{"name":"(anonymous_12)","decl":{"start":{"line":53,"column":25},"end":{"line":53,"column":26}},"loc":{"start":{"line":53,"column":34},"end":{"line":56,"column":3}},"line":53},"13":{"name":"(anonymous_13)","decl":{"start":{"line":58,"column":20},"end":{"line":58,"column":21}},"loc":{"start":{"line":58,"column":29},"end":{"line":71,"column":3}},"line":58},"14":{"name":"(anonymous_14)","decl":{"start":{"line":80,"column":24},"end":{"line":80,"column":25}},"loc":{"start":{"line":80,"column":51},"end":{"line":98,"column":1}},"line":80},"15":{"name":"(anonymous_15)","decl":{"start":{"line":83,"column":36},"end":{"line":83,"column":37}},"loc":{"start":{"line":83,"column":49},"end":{"line":91,"column":6}},"line":83},"16":{"name":"(anonymous_16)","decl":{"start":{"line":84,"column":10},"end":{"line":84,"column":11}},"loc":{"start":{"line":84,"column":23},"end":{"line":91,"column":5}},"line":84},"17":{"name":"(anonymous_17)","decl":{"start":{"line":92,"column":42},"end":{"line":92,"column":43}},"loc":{"start":{"line":92,"column":63},"end":{"line":97,"column":3}},"line":92},"18":{"name":"(anonymous_18)","decl":{"start":{"line":93,"column":28},"end":{"line":93,"column":29}},"loc":{"start":{"line":93,"column":42},"end":{"line":95,"column":5}},"line":93},"19":{"name":"(anonymous_19)","decl":{"start":{"line":101,"column":14},"end":{"line":101,"column":15}},"loc":{"start":{"line":101,"column":25},"end":{"line":114,"column":1}},"line":101},"20":{"name":"(anonymous_20)","decl":{"start":{"line":103,"column":16},"end":{"line":103,"column":17}},"loc":{"start":{"line":103,"column":29},"end":{"line":105,"column":3}},"line":103},"21":{"name":"(anonymous_21)","decl":{"start":{"line":117,"column":17},"end":{"line":117,"column":18}},"loc":{"start":{"line":117,"column":28},"end":{"line":125,"column":1}},"line":117},"22":{"name":"(anonymous_22)","decl":{"start":{"line":119,"column":16},"end":{"line":119,"column":17}},"loc":{"start":{"line":119,"column":29},"end":{"line":123,"column":3}},"line":119},"23":{"name":"(anonymous_23)","decl":{"start":{"line":139,"column":18},"end":{"line":139,"column":19}},"loc":{"start":{"line":139,"column":28},"end":{"line":153,"column":1}},"line":139},"24":{"name":"(anonymous_24)","decl":{"start":{"line":142,"column":10},"end":{"line":142,"column":11}},"loc":{"start":{"line":142,"column":21},"end":{"line":152,"column":5}},"line":142},"25":{"name":"(anonymous_25)","decl":{"start":{"line":144,"column":31},"end":{"line":144,"column":32}},"loc":{"start":{"line":144,"column":42},"end":{"line":145,"column":58}},"line":144},"26":{"name":"(anonymous_26)","decl":{"start":{"line":145,"column":14},"end":{"line":145,"column":15}},"loc":{"start":{"line":145,"column":27},"end":{"line":145,"column":57}},"line":145},"27":{"name":"(anonymous_27)","decl":{"start":{"line":146,"column":38},"end":{"line":146,"column":39}},"loc":{"start":{"line":146,"column":49},"end":{"line":151,"column":7}},"line":146},"28":{"name":"(anonymous_28)","decl":{"start":{"line":147,"column":22},"end":{"line":147,"column":23}},"loc":{"start":{"line":147,"column":32},"end":{"line":149,"column":9}},"line":147},"29":{"name":"(anonymous_29)","decl":{"start":{"line":152,"column":13},"end":{"line":152,"column":14}},"loc":{"start":{"line":152,"column":22},"end":{"line":152,"column":25}},"line":152},"30":{"name":"(anonymous_30)","decl":{"start":{"line":164,"column":26},"end":{"line":164,"column":27}},"loc":{"start":{"line":164,"column":36},"end":{"line":178,"column":1}},"line":164},"31":{"name":"(anonymous_31)","decl":{"start":{"line":167,"column":10},"end":{"line":167,"column":11}},"loc":{"start":{"line":167,"column":21},"end":{"line":177,"column":5}},"line":167},"32":{"name":"(anonymous_32)","decl":{"start":{"line":169,"column":31},"end":{"line":169,"column":32}},"loc":{"start":{"line":169,"column":42},"end":{"line":170,"column":66}},"line":169},"33":{"name":"(anonymous_33)","decl":{"start":{"line":170,"column":14},"end":{"line":170,"column":15}},"loc":{"start":{"line":170,"column":27},"end":{"line":170,"column":65}},"line":170},"34":{"name":"(anonymous_34)","decl":{"start":{"line":171,"column":38},"end":{"line":171,"column":39}},"loc":{"start":{"line":171,"column":55},"end":{"line":176,"column":7}},"line":171},"35":{"name":"(anonymous_35)","decl":{"start":{"line":172,"column":28},"end":{"line":172,"column":29}},"loc":{"start":{"line":172,"column":42},"end":{"line":174,"column":9}},"line":172},"36":{"name":"(anonymous_36)","decl":{"start":{"line":177,"column":13},"end":{"line":177,"column":14}},"loc":{"start":{"line":177,"column":22},"end":{"line":177,"column":25}},"line":177}},"branchMap":{"0":{"loc":{"start":{"line":6,"column":3},"end":{"line":6,"column":81}},"type":"cond-expr","locations":[{"start":{"line":6,"column":39},"end":{"line":6,"column":43}},{"start":{"line":6,"column":46},"end":{"line":6,"column":81}}],"line":6},"1":{"loc":{"start":{"line":14,"column":4},"end":{"line":33,"column":5}},"type":"if","locations":[{"start":{"line":14,"column":4},"end":{"line":33,"column":5}},{"start":{"line":14,"column":4},"end":{"line":33,"column":5}}],"line":14},"2":{"loc":{"start":{"line":20,"column":12},"end":{"line":24,"column":13}},"type":"if","locations":[{"start":{"line":20,"column":12},"end":{"line":24,"column":13}},{"start":{"line":20,"column":12},"end":{"line":24,"column":13}}],"line":20},"3":{"loc":{"start":{"line":34,"column":4},"end":{"line":36,"column":5}},"type":"if","locations":[{"start":{"line":34,"column":4},"end":{"line":36,"column":5}},{"start":{"line":34,"column":4},"end":{"line":36,"column":5}}],"line":34},"4":{"loc":{"start":{"line":34,"column":8},"end":{"line":34,"column":82}},"type":"binary-expr","locations":[{"start":{"line":34,"column":8},"end":{"line":34,"column":27}},{"start":{"line":34,"column":31},"end":{"line":34,"column":82}}],"line":34},"5":{"loc":{"start":{"line":55,"column":4},"end":{"line":55,"column":83}},"type":"if","locations":[{"start":{"line":55,"column":4},"end":{"line":55,"column":83}},{"start":{"line":55,"column":4},"end":{"line":55,"column":83}}],"line":55},"6":{"loc":{"start":{"line":120,"column":4},"end":{"line":122,"column":5}},"type":"if","locations":[{"start":{"line":120,"column":4},"end":{"line":122,"column":5}},{"start":{"line":120,"column":4},"end":{"line":122,"column":5}}],"line":120}},"s":{"0":3,"1":3,"2":2,"3":3,"4":2,"5":2,"6":2,"7":0,"8":0,"9":0,"10":0,"11":0,"12":0,"13":0,"14":0,"15":0,"16":0,"17":0,"18":2,"19":2,"20":2,"21":0,"22":3,"23":2,"24":2,"25":2,"26":0,"27":3,"28":2,"29":2,"30":2,"31":4,"32":4,"33":2,"34":2,"35":2,"36":2,"37":2,"38":2,"39":2,"40":2,"41":2,"42":2,"43":2,"44":2,"45":3,"46":1,"47":1,"48":1,"49":1,"50":1,"51":1,"52":1,"53":1,"54":1,"55":1,"56":1,"57":3,"58":1,"59":1,"60":1,"61":1,"62":1,"63":1,"64":1,"65":1,"66":3,"67":1,"68":1,"69":1,"70":1,"71":1,"72":3,"73":1,"74":1,"75":1,"76":1,"77":1,"78":1,"79":1,"80":1,"81":1,"82":1,"83":0,"84":3,"85":1,"86":1,"87":1,"88":1,"89":1,"90":1,"91":1,"92":1,"93":1,"94":1,"95":0,"96":3,"97":3},"f":{"0":2,"1":2,"2":2,"3":0,"4":0,"5":0,"6":0,"7":0,"8":2,"9":2,"10":0,"11":2,"12":4,"13":2,"14":1,"15":1,"16":1,"17":1,"18":1,"19":1,"20":1,"21":1,"22":1,"23":1,"24":1,"25":1,"26":1,"27":1,"28":1,"29":0,"30":1,"31":1,"32":1,"33":1,"34":1,"35":1,"36":0},"b":{"0":[2,0],"1":[0,2],"2":[0,0],"3":[2,0],"4":[2,2],"5":[2,2],"6":[1,0]},"_coverageSchema":"1a1c01bbd47fc00a2c39e90264f33305004495a9","hash":"76ce73fe6f95bf52939bdd33b195f6531ea5d83e"}
,"/home/paolasonia/Desktop/5_LABORATORIA/En_mi_disco_local_C/00-Laboratoria/04-LIM011-fe-md-links/LIM011-fe-md-links/src/mdlinks.js": {"path":"/home/paolasonia/Desktop/5_LABORATORIA/En_mi_disco_local_C/00-Laboratoria/04-LIM011-fe-md-links/LIM011-fe-md-links/src/mdlinks.js","statementMap":{"0":{"start":{"line":1,"column":21},"end":{"line":1,"column":41}},"1":{"start":{"line":3,"column":16},"end":{"line":5,"column":1}},"2":{"start":{"line":4,"column":3},"end":{"line":4,"column":89}},"3":{"start":{"line":7,"column":0},"end":{"line":7,"column":25}}},"fnMap":{"0":{"name":"(anonymous_0)","decl":{"start":{"line":3,"column":16},"end":{"line":3,"column":17}},"loc":{"start":{"line":4,"column":3},"end":{"line":4,"column":89}},"line":4}},"branchMap":{"0":{"loc":{"start":{"line":4,"column":3},"end":{"line":4,"column":89}},"type":"cond-expr","locations":[{"start":{"line":4,"column":22},"end":{"line":4,"column":58}},{"start":{"line":4,"column":61},"end":{"line":4,"column":89}}],"line":4}},"s":{"0":1,"1":1,"2":0,"3":1},"f":{"0":0},"b":{"0":[0,0]},"_coverageSchema":"1a1c01bbd47fc00a2c39e90264f33305004495a9","hash":"a5417aa7fd94432c71bc1c147f927f4140584b7e"}
,"/home/paolasonia/Desktop/5_LABORATORIA/En_mi_disco_local_C/00-Laboratoria/04-LIM011-fe-md-links/LIM011-fe-md-links/src/optionCLI.js": {"path":"/home/paolasonia/Desktop/5_LABORATORIA/En_mi_disco_local_C/00-Laboratoria/04-LIM011-fe-md-links/LIM011-fe-md-links/src/optionCLI.js","statementMap":{"0":{"start":{"line":1,"column":21},"end":{"line":1,"column":41}},"1":{"start":{"line":2,"column":16},"end":{"line":2,"column":39}},"2":{"start":{"line":4,"column":12},"end":{"line":43,"column":1}},"3":{"start":{"line":5,"column":2},"end":{"line":13,"column":3}},"4":{"start":{"line":6,"column":4},"end":{"line":12,"column":7}},"5":{"start":{"line":7,"column":19},"end":{"line":7,"column":21}},"6":{"start":{"line":8,"column":6},"end":{"line":10,"column":9}},"7":{"start":{"line":9,"column":8},"end":{"line":9,"column":123}},"8":{"start":{"line":11,"column":6},"end":{"line":11,"column":20}},"9":{"start":{"line":14,"column":2},"end":{"line":23,"column":3}},"10":{"start":{"line":15,"column":4},"end":{"line":22,"column":7}},"11":{"start":{"line":16,"column":23},"end":{"line":16,"column":51}},"12":{"start":{"line":17,"column":21},"end":{"line":20,"column":9}},"13":{"start":{"line":21,"column":6},"end":{"line":21,"column":20}},"14":{"start":{"line":24,"column":2},"end":{"line":35,"column":3}},"15":{"start":{"line":25,"column":4},"end":{"line":34,"column":40}},"16":{"start":{"line":26,"column":26},"end":{"line":26,"column":57}},"17":{"start":{"line":27,"column":23},"end":{"line":27,"column":51}},"18":{"start":{"line":28,"column":21},"end":{"line":32,"column":9}},"19":{"start":{"line":33,"column":6},"end":{"line":33,"column":20}},"20":{"start":{"line":34,"column":22},"end":{"line":34,"column":38}},"21":{"start":{"line":36,"column":2},"end":{"line":42,"column":5}},"22":{"start":{"line":37,"column":17},"end":{"line":37,"column":19}},"23":{"start":{"line":38,"column":4},"end":{"line":40,"column":7}},"24":{"start":{"line":39,"column":6},"end":{"line":39,"column":75}},"25":{"start":{"line":41,"column":4},"end":{"line":41,"column":18}},"26":{"start":{"line":45,"column":0},"end":{"line":45,"column":21}}},"fnMap":{"0":{"name":"(anonymous_0)","decl":{"start":{"line":4,"column":12},"end":{"line":4,"column":13}},"loc":{"start":{"line":4,"column":31},"end":{"line":43,"column":1}},"line":4},"1":{"name":"(anonymous_1)","decl":{"start":{"line":6,"column":50},"end":{"line":6,"column":51}},"loc":{"start":{"line":6,"column":64},"end":{"line":12,"column":5}},"line":6},"2":{"name":"(anonymous_2)","decl":{"start":{"line":8,"column":23},"end":{"line":8,"column":24}},"loc":{"start":{"line":8,"column":30},"end":{"line":10,"column":7}},"line":8},"3":{"name":"(anonymous_3)","decl":{"start":{"line":15,"column":50},"end":{"line":15,"column":51}},"loc":{"start":{"line":15,"column":64},"end":{"line":22,"column":5}},"line":15},"4":{"name":"(anonymous_4)","decl":{"start":{"line":25,"column":50},"end":{"line":25,"column":51}},"loc":{"start":{"line":25,"column":64},"end":{"line":34,"column":5}},"line":25},"5":{"name":"(anonymous_5)","decl":{"start":{"line":34,"column":13},"end":{"line":34,"column":14}},"loc":{"start":{"line":34,"column":22},"end":{"line":34,"column":38}},"line":34},"6":{"name":"(anonymous_6)","decl":{"start":{"line":36,"column":49},"end":{"line":36,"column":50}},"loc":{"start":{"line":36,"column":63},"end":{"line":42,"column":3}},"line":36},"7":{"name":"(anonymous_7)","decl":{"start":{"line":38,"column":21},"end":{"line":38,"column":22}},"loc":{"start":{"line":38,"column":28},"end":{"line":40,"column":5}},"line":38}},"branchMap":{"0":{"loc":{"start":{"line":5,"column":2},"end":{"line":13,"column":3}},"type":"if","locations":[{"start":{"line":5,"column":2},"end":{"line":13,"column":3}},{"start":{"line":5,"column":2},"end":{"line":13,"column":3}}],"line":5},"1":{"loc":{"start":{"line":14,"column":2},"end":{"line":23,"column":3}},"type":"if","locations":[{"start":{"line":14,"column":2},"end":{"line":23,"column":3}},{"start":{"line":14,"column":2},"end":{"line":23,"column":3}}],"line":14},"2":{"loc":{"start":{"line":24,"column":2},"end":{"line":35,"column":3}},"type":"if","locations":[{"start":{"line":24,"column":2},"end":{"line":35,"column":3}},{"start":{"line":24,"column":2},"end":{"line":35,"column":3}}],"line":24},"3":{"loc":{"start":{"line":24,"column":6},"end":{"line":24,"column":72}},"type":"binary-expr","locations":[{"start":{"line":24,"column":6},"end":{"line":24,"column":37}},{"start":{"line":24,"column":41},"end":{"line":24,"column":72}}],"line":24}},"s":{"0":1,"1":1,"2":1,"3":0,"4":0,"5":0,"6":0,"7":0,"8":0,"9":0,"10":0,"11":0,"12":0,"13":0,"14":0,"15":0,"16":0,"17":0,"18":0,"19":0,"20":0,"21":0,"22":0,"23":0,"24":0,"25":0,"26":1},"f":{"0":0,"1":0,"2":0,"3":0,"4":0,"5":0,"6":0,"7":0},"b":{"0":[0,0],"1":[0,0],"2":[0,0],"3":[0,0]},"_coverageSchema":"1a1c01bbd47fc00a2c39e90264f33305004495a9","hash":"220914a075c475431d4e24caa7899613807cf081"}
}
