{"/home/paolasonia/Desktop/5_LABORATORIA/En_mi_disco_local_C/00-Laboratoria/04-LIM011-fe-md-links/LIM011-fe-md-links/src/app.js": {"path":"/home/paolasonia/Desktop/5_LABORATORIA/En_mi_disco_local_C/00-Laboratoria/04-LIM011-fe-md-links/LIM011-fe-md-links/src/app.js","statementMap":{"0":{"start":{"line":1,"column":13},"end":{"line":1,"column":28}},"1":{"start":{"line":2,"column":11},"end":{"line":2,"column":24}},"2":{"start":{"line":3,"column":14},"end":{"line":3,"column":35}},"3":{"start":{"line":4,"column":11},"end":{"line":8,"column":2}},"4":{"start":{"line":13,"column":34},"end":{"line":13,"column":65}},"5":{"start":{"line":13,"column":44},"end":{"line":13,"column":65}},"6":{"start":{"line":16,"column":33},"end":{"line":16,"column":61}},"7":{"start":{"line":16,"column":43},"end":{"line":16,"column":61}},"8":{"start":{"line":19,"column":25},"end":{"line":19,"column":76}},"9":{"start":{"line":19,"column":48},"end":{"line":19,"column":76}},"10":{"start":{"line":22,"column":31},"end":{"line":22,"column":59}},"11":{"start":{"line":22,"column":41},"end":{"line":22,"column":59}},"12":{"start":{"line":27,"column":31},"end":{"line":32,"column":2}},"13":{"start":{"line":27,"column":41},"end":{"line":32,"column":2}},"14":{"start":{"line":28,"column":2},"end":{"line":31,"column":5}},"15":{"start":{"line":29,"column":4},"end":{"line":29,"column":29}},"16":{"start":{"line":29,"column":15},"end":{"line":29,"column":29}},"17":{"start":{"line":30,"column":4},"end":{"line":30,"column":33}},"18":{"start":{"line":35,"column":32},"end":{"line":35,"column":74}},"19":{"start":{"line":35,"column":42},"end":{"line":35,"column":74}},"20":{"start":{"line":38,"column":29},"end":{"line":43,"column":2}},"21":{"start":{"line":38,"column":39},"end":{"line":43,"column":2}},"22":{"start":{"line":39,"column":2},"end":{"line":42,"column":5}},"23":{"start":{"line":40,"column":4},"end":{"line":40,"column":29}},"24":{"start":{"line":40,"column":15},"end":{"line":40,"column":29}},"25":{"start":{"line":41,"column":4},"end":{"line":41,"column":26}},"26":{"start":{"line":46,"column":28},"end":{"line":51,"column":2}},"27":{"start":{"line":46,"column":38},"end":{"line":51,"column":2}},"28":{"start":{"line":47,"column":2},"end":{"line":50,"column":5}},"29":{"start":{"line":48,"column":4},"end":{"line":48,"column":29}},"30":{"start":{"line":48,"column":15},"end":{"line":48,"column":29}},"31":{"start":{"line":49,"column":4},"end":{"line":49,"column":25}},"32":{"start":{"line":56,"column":29},"end":{"line":60,"column":1}},"33":{"start":{"line":57,"column":21},"end":{"line":57,"column":23}},"34":{"start":{"line":58,"column":2},"end":{"line":58,"column":40}},"35":{"start":{"line":59,"column":2},"end":{"line":59,"column":22}},"36":{"start":{"line":65,"column":26},"end":{"line":67,"column":35}},"37":{"start":{"line":65,"column":35},"end":{"line":67,"column":35}},"38":{"start":{"line":66,"column":17},"end":{"line":66,"column":27}},"39":{"start":{"line":67,"column":18},"end":{"line":67,"column":34}}},"fnMap":{"0":{"name":"(anonymous_0)","decl":{"start":{"line":13,"column":34},"end":{"line":13,"column":35}},"loc":{"start":{"line":13,"column":44},"end":{"line":13,"column":65}},"line":13},"1":{"name":"(anonymous_1)","decl":{"start":{"line":16,"column":33},"end":{"line":16,"column":34}},"loc":{"start":{"line":16,"column":43},"end":{"line":16,"column":61}},"line":16},"2":{"name":"(anonymous_2)","decl":{"start":{"line":19,"column":25},"end":{"line":19,"column":26}},"loc":{"start":{"line":19,"column":48},"end":{"line":19,"column":76}},"line":19},"3":{"name":"(anonymous_3)","decl":{"start":{"line":22,"column":31},"end":{"line":22,"column":32}},"loc":{"start":{"line":22,"column":41},"end":{"line":22,"column":59}},"line":22},"4":{"name":"(anonymous_4)","decl":{"start":{"line":27,"column":31},"end":{"line":27,"column":32}},"loc":{"start":{"line":27,"column":41},"end":{"line":32,"column":2}},"line":27},"5":{"name":"(anonymous_5)","decl":{"start":{"line":27,"column":53},"end":{"line":27,"column":54}},"loc":{"start":{"line":27,"column":74},"end":{"line":32,"column":1}},"line":27},"6":{"name":"(anonymous_6)","decl":{"start":{"line":28,"column":16},"end":{"line":28,"column":17}},"loc":{"start":{"line":28,"column":34},"end":{"line":31,"column":3}},"line":28},"7":{"name":"(anonymous_7)","decl":{"start":{"line":35,"column":32},"end":{"line":35,"column":33}},"loc":{"start":{"line":35,"column":42},"end":{"line":35,"column":74}},"line":35},"8":{"name":"(anonymous_8)","decl":{"start":{"line":38,"column":29},"end":{"line":38,"column":30}},"loc":{"start":{"line":38,"column":39},"end":{"line":43,"column":2}},"line":38},"9":{"name":"(anonymous_9)","decl":{"start":{"line":38,"column":51},"end":{"line":38,"column":52}},"loc":{"start":{"line":38,"column":72},"end":{"line":43,"column":1}},"line":38},"10":{"name":"(anonymous_10)","decl":{"start":{"line":39,"column":19},"end":{"line":39,"column":20}},"loc":{"start":{"line":39,"column":37},"end":{"line":42,"column":3}},"line":39},"11":{"name":"(anonymous_11)","decl":{"start":{"line":46,"column":28},"end":{"line":46,"column":29}},"loc":{"start":{"line":46,"column":38},"end":{"line":51,"column":2}},"line":46},"12":{"name":"(anonymous_12)","decl":{"start":{"line":46,"column":50},"end":{"line":46,"column":51}},"loc":{"start":{"line":46,"column":71},"end":{"line":51,"column":1}},"line":46},"13":{"name":"(anonymous_13)","decl":{"start":{"line":47,"column":29},"end":{"line":47,"column":30}},"loc":{"start":{"line":47,"column":46},"end":{"line":50,"column":3}},"line":47},"14":{"name":"(anonymous_14)","decl":{"start":{"line":56,"column":29},"end":{"line":56,"column":30}},"loc":{"start":{"line":56,"column":46},"end":{"line":60,"column":1}},"line":56},"15":{"name":"(anonymous_15)","decl":{"start":{"line":65,"column":26},"end":{"line":65,"column":27}},"loc":{"start":{"line":65,"column":35},"end":{"line":67,"column":35}},"line":65},"16":{"name":"(anonymous_16)","decl":{"start":{"line":66,"column":8},"end":{"line":66,"column":9}},"loc":{"start":{"line":66,"column":17},"end":{"line":66,"column":27}},"line":66},"17":{"name":"(anonymous_17)","decl":{"start":{"line":67,"column":9},"end":{"line":67,"column":10}},"loc":{"start":{"line":67,"column":18},"end":{"line":67,"column":34}},"line":67}},"branchMap":{"0":{"loc":{"start":{"line":29,"column":4},"end":{"line":29,"column":29}},"type":"if","locations":[{"start":{"line":29,"column":4},"end":{"line":29,"column":29}},{"start":{"line":29,"column":4},"end":{"line":29,"column":29}}],"line":29},"1":{"loc":{"start":{"line":40,"column":4},"end":{"line":40,"column":29}},"type":"if","locations":[{"start":{"line":40,"column":4},"end":{"line":40,"column":29}},{"start":{"line":40,"column":4},"end":{"line":40,"column":29}}],"line":40},"2":{"loc":{"start":{"line":48,"column":4},"end":{"line":48,"column":29}},"type":"if","locations":[{"start":{"line":48,"column":4},"end":{"line":48,"column":29}},{"start":{"line":48,"column":4},"end":{"line":48,"column":29}}],"line":48}},"s":{"0":1,"1":1,"2":1,"3":1,"4":1,"5":2,"6":1,"7":1,"8":1,"9":0,"10":1,"11":0,"12":1,"13":1,"14":1,"15":0,"16":0,"17":0,"18":1,"19":0,"20":1,"21":0,"22":0,"23":0,"24":0,"25":0,"26":1,"27":0,"28":0,"29":0,"30":0,"31":0,"32":1,"33":0,"34":0,"35":0,"36":1,"37":0,"38":0,"39":0},"f":{"0":2,"1":1,"2":0,"3":0,"4":1,"5":1,"6":0,"7":0,"8":0,"9":0,"10":0,"11":0,"12":0,"13":0,"14":0,"15":0,"16":0,"17":0},"b":{"0":[0,0],"1":[0,0],"2":[0,0]},"_coverageSchema":"43e27e138ebf9cfc5966b082cf9a028302ed4184","hash":"6679549cf650bdd5c11cea76f48a7fc75a02d009"}
}
