TN:
SF:/home/paolasonia/Desktop/5_LABORATORIA/En_mi_disco_local_C/00-Laboratoria/04-LIM011-fe-md-links/LIM011-fe-md-links/src/fileSystem.js
FN:4,(anonymous_0)
FN:4,(anonymous_1)
FN:5,(anonymous_2)
FN:12,(anonymous_3)
FN:15,(anonymous_4)
FN:15,(anonymous_5)
FN:16,(anonymous_6)
FN:23,(anonymous_7)
FN:23,(anonymous_8)
FN:24,(anonymous_9)
FNF:10
FNH:2
FNDA:1,(anonymous_0)
FNDA:1,(anonymous_1)
FNDA:0,(anonymous_2)
FNDA:0,(anonymous_3)
FNDA:0,(anonymous_4)
FNDA:0,(anonymous_5)
FNDA:0,(anonymous_6)
FNDA:0,(anonymous_7)
FNDA:0,(anonymous_8)
FNDA:0,(anonymous_9)
DA:1,1
DA:4,1
DA:5,1
DA:6,0
DA:7,0
DA:12,1
DA:15,1
DA:16,0
DA:17,0
DA:18,0
DA:23,1
DA:24,0
DA:25,0
DA:26,0
LF:14
LH:6
BRDA:6,0,0,0
BRDA:6,0,1,0
BRDA:17,1,0,0
BRDA:17,1,1,0
BRDA:25,2,0,0
BRDA:25,2,1,0
BRF:6
BRH:0
end_of_record
TN:
SF:/home/paolasonia/Desktop/5_LABORATORIA/En_mi_disco_local_C/00-Laboratoria/04-LIM011-fe-md-links/LIM011-fe-md-links/src/path.js
FN:6,(anonymous_0)
FN:8,(anonymous_1)
FN:10,(anonymous_2)
FN:12,(anonymous_3)
FNF:4
FNH:2
FNDA:2,(anonymous_0)
FNDA:1,(anonymous_1)
FNDA:0,(anonymous_2)
FNDA:0,(anonymous_3)
DA:1,1
DA:6,2
DA:8,1
DA:10,1
DA:12,1
LF:5
LH:5
BRF:0
BRH:0
end_of_record
