TN:
SF:/home/paolasonia/Desktop/5_LABORATORIA/En_mi_disco_local_C/00-Laboratoria/04-LIM011-fe-md-links/LIM011-fe-md-links/src/app.js
FN:13,(anonymous_0)
FN:16,(anonymous_1)
FN:19,(anonymous_2)
FN:22,(anonymous_3)
FN:27,(anonymous_4)
FN:27,(anonymous_5)
FN:28,(anonymous_6)
FN:41,(anonymous_7)
FN:41,(anonymous_8)
FN:42,(anonymous_9)
FN:49,(anonymous_10)
FN:49,(anonymous_11)
FN:50,(anonymous_12)
FN:59,(anonymous_13)
FN:77,(anonymous_14)
FN:78,(anonymous_15)
FN:92,(anonymous_16)
FNF:17
FNH:16
FNDA:20,(anonymous_0)
FNDA:1,(anonymous_1)
FNDA:4,(anonymous_2)
FNDA:15,(anonymous_3)
FNDA:12,(anonymous_4)
FNDA:12,(anonymous_5)
FNDA:12,(anonymous_6)
FNDA:1,(anonymous_7)
FNDA:1,(anonymous_8)
FNDA:1,(anonymous_9)
FNDA:9,(anonymous_10)
FNDA:9,(anonymous_11)
FNDA:9,(anonymous_12)
FNDA:9,(anonymous_13)
FNDA:8,(anonymous_14)
FNDA:8,(anonymous_15)
FNDA:0,(anonymous_16)
DA:1,3
DA:2,3
DA:3,3
DA:4,3
DA:13,20
DA:16,3
DA:19,4
DA:22,15
DA:27,12
DA:28,12
DA:29,12
DA:30,12
DA:41,3
DA:42,1
DA:43,1
DA:44,1
DA:49,9
DA:50,9
DA:51,9
DA:52,9
DA:59,3
DA:60,9
DA:61,9
DA:62,9
DA:77,8
DA:79,8
DA:80,8
DA:81,7
DA:83,8
DA:84,1
DA:86,8
DA:90,8
DA:92,0
LF:33
LH:32
BRDA:29,0,0,0
BRDA:29,0,1,12
BRDA:43,1,0,0
BRDA:43,1,1,1
BRDA:51,2,0,0
BRDA:51,2,1,9
BRDA:80,3,0,7
BRDA:80,3,1,1
BRDA:83,4,0,1
BRDA:83,4,1,7
BRF:10
BRH:7
end_of_record
TN:
SF:/home/paolasonia/Desktop/5_LABORATORIA/En_mi_disco_local_C/00-Laboratoria/04-LIM011-fe-md-links/LIM011-fe-md-links/src/cli.js
FN:3,(anonymous_0)
FN:5,(anonymous_1)
FN:7,(anonymous_2)
FN:14,(anonymous_3)
FN:24,(anonymous_4)
FN:33,(anonymous_5)
FN:35,(anonymous_6)
FN:37,(anonymous_7)
FNF:8
FNH:7
FNDA:4,(anonymous_0)
FNDA:1,(anonymous_1)
FNDA:1,(anonymous_2)
FNDA:1,(anonymous_3)
FNDA:1,(anonymous_4)
FNDA:0,(anonymous_5)
FNDA:1,(anonymous_6)
FNDA:1,(anonymous_7)
DA:3,1
DA:4,4
DA:5,1
DA:6,1
DA:7,1
DA:8,1
DA:10,1
DA:13,3
DA:14,1
DA:15,1
DA:16,1
DA:20,1
DA:23,2
DA:24,1
DA:25,1
DA:26,1
DA:27,1
DA:32,1
DA:33,0
DA:35,1
DA:36,1
DA:37,1
DA:38,1
DA:40,1
LF:24
LH:23
BRDA:4,0,0,1
BRDA:4,0,1,3
BRDA:13,1,0,1
BRDA:13,1,1,2
BRDA:23,2,0,1
BRDA:23,2,1,1
BRDA:23,3,0,2
BRDA:23,3,1,1
BRF:8
BRH:8
end_of_record
TN:
SF:/home/paolasonia/Desktop/5_LABORATORIA/En_mi_disco_local_C/00-Laboratoria/04-LIM011-fe-md-links/LIM011-fe-md-links/src/main.js
FN:7,(anonymous_0)
FN:8,(anonymous_1)
FN:12,(anonymous_2)
FN:14,(anonymous_3)
FN:22,(anonymous_4)
FN:23,(anonymous_5)
FN:34,(anonymous_6)
FN:45,(anonymous_7)
FN:46,(anonymous_8)
FN:50,(anonymous_9)
FN:59,(anonymous_10)
FN:62,(anonymous_11)
FN:67,(anonymous_12)
FN:97,(anonymous_13)
FN:107,(anonymous_14)
FN:110,(anonymous_15)
FN:112,(anonymous_16)
FN:113,(anonymous_17)
FN:114,(anonymous_18)
FN:115,(anonymous_19)
FN:120,(anonymous_20)
FN:133,(anonymous_21)
FN:136,(anonymous_22)
FN:137,(anonymous_23)
FN:151,(anonymous_24)
FN:152,(anonymous_25)
FN:171,(anonymous_26)
FN:174,(anonymous_27)
FN:176,(anonymous_28)
FN:177,(anonymous_29)
FN:178,(anonymous_30)
FN:179,(anonymous_31)
FN:184,(anonymous_32)
FN:194,(anonymous_33)
FN:198,(anonymous_34)
FN:200,(anonymous_35)
FN:213,(anonymous_36)
FN:215,(anonymous_37)
FNF:38
FNH:34
FNDA:12,(anonymous_0)
FNDA:12,(anonymous_1)
FNDA:1,(anonymous_2)
FNDA:4,(anonymous_3)
FNDA:1,(anonymous_4)
FNDA:3,(anonymous_5)
FNDA:0,(anonymous_6)
FNDA:9,(anonymous_7)
FNDA:9,(anonymous_8)
FNDA:0,(anonymous_9)
FNDA:10,(anonymous_10)
FNDA:23,(anonymous_11)
FNDA:13,(anonymous_12)
FNDA:10,(anonymous_13)
FNDA:3,(anonymous_14)
FNDA:3,(anonymous_15)
FNDA:3,(anonymous_16)
FNDA:3,(anonymous_17)
FNDA:3,(anonymous_18)
FNDA:3,(anonymous_19)
FNDA:0,(anonymous_20)
FNDA:6,(anonymous_21)
FNDA:6,(anonymous_22)
FNDA:6,(anonymous_23)
FNDA:6,(anonymous_24)
FNDA:6,(anonymous_25)
FNDA:5,(anonymous_26)
FNDA:5,(anonymous_27)
FNDA:5,(anonymous_28)
FNDA:5,(anonymous_29)
FNDA:5,(anonymous_30)
FNDA:5,(anonymous_31)
FNDA:0,(anonymous_32)
FNDA:6,(anonymous_33)
FNDA:3,(anonymous_34)
FNDA:3,(anonymous_35)
FNDA:2,(anonymous_36)
FNDA:2,(anonymous_37)
DA:7,12
DA:9,12
DA:10,12
DA:11,1
DA:13,1
DA:14,1
DA:15,4
DA:16,4
DA:17,1
DA:19,3
DA:22,1
DA:23,1
DA:24,3
DA:26,1
DA:30,11
DA:31,8
DA:33,11
DA:34,0
DA:45,9
DA:47,9
DA:49,9
DA:50,0
DA:59,2
DA:60,10
DA:61,10
DA:62,10
DA:63,23
DA:64,23
DA:66,10
DA:67,10
DA:68,13
DA:69,13
DA:70,13
DA:71,13
DA:72,13
DA:73,13
DA:74,13
DA:79,13
DA:81,10
DA:97,2
DA:98,10
DA:99,10
DA:100,10
DA:101,10
DA:107,2
DA:108,3
DA:109,3
DA:111,3
DA:112,3
DA:113,3
DA:114,3
DA:115,3
DA:116,3
DA:118,3
DA:120,0
DA:133,2
DA:134,6
DA:135,6
DA:136,6
DA:144,6
DA:148,6
DA:149,6
DA:151,6
DA:152,6
DA:153,6
DA:155,6
DA:171,2
DA:172,5
DA:173,5
DA:175,5
DA:176,5
DA:177,5
DA:178,5
DA:179,5
DA:180,5
DA:182,5
DA:184,0
DA:194,6
DA:198,2
DA:199,3
DA:200,3
DA:201,3
DA:203,3
DA:204,3
DA:205,3
DA:206,3
DA:210,3
DA:213,2
DA:214,2
DA:215,2
DA:216,2
DA:217,1
DA:220,2
LF:93
LH:89
BRDA:10,0,0,1
BRDA:10,0,1,11
BRDA:16,1,0,1
BRDA:16,1,1,3
BRDA:30,2,0,8
BRDA:30,2,1,3
BRDA:30,3,0,11
BRDA:30,3,1,11
BRDA:64,4,0,13
BRDA:64,4,1,10
BRDA:99,5,0,9
BRDA:99,5,1,1
BRDA:100,6,0,1
BRDA:100,6,1,9
BRDA:194,7,0,4
BRDA:194,7,1,2
BRDA:216,8,0,1
BRDA:216,8,1,1
BRF:18
BRH:18
end_of_record
